# JRE version: Java(TM) SE Runtime Environment (8.0_91-b15) (build 1.8.0_91-b15)
# Java VM: Java HotSpot(TM) 64-Bit Server VM (25.91-b15 mixed mode windows-amd64 compressed oops)
Heap:
 PSYoungGen      total 114688K, used 63490K [0x00000000eab00000, 0x00000000f2d00000, 0x0000000100000000)
  eden space 103424K, 61% used [0x00000000eab00000,0x00000000ee900900,0x00000000f1000000)
  from space 11264K, 0% used [0x00000000f1b00000,0x00000000f1b00000,0x00000000f2600000)
  to   space 11264K, 0% used [0x00000000f1000000,0x00000000f1000000,0x00000000f1b00000)
 ParOldGen       total 61952K, used 14987K [0x00000000c0000000, 0x00000000c3c80000, 0x00000000eab00000)
  object space 61952K, 24% used [0x00000000c0000000,0x00000000c0ea2c58,0x00000000c3c80000)
 Metaspace       used 35276K, capacity 36046K, committed 36352K, reserved 1081344K
  class space    used 4608K, capacity 4810K, committed 4864K, reserved 1048576K
GC Heap History (10 events):
Event: 23.130 GC heap before
{Heap before GC invocations=10 (full 1):
 PSYoungGen      total 65536K, used 57232K [0x00000000eab00000, 0x00000000f1800000, 0x0000000100000000)
  eden space 54272K, 100% used [0x00000000eab00000,0x00000000ee000000,0x00000000ee000000)
  from space 11264K, 26% used [0x00000000eea80000,0x00000000eed64030,0x00000000ef580000)
  to   space 10752K, 0% used [0x00000000ee000000,0x00000000ee000000,0x00000000eea80000)
 ParOldGen       total 61952K, used 8039K [0x00000000c0000000, 0x00000000c3c80000, 0x00000000eab00000)
  object space 61952K, 12% used [0x00000000c0000000,0x00000000c07d9ec0,0x00000000c3c80000)
 Metaspace       used 24285K, capacity 24788K, committed 24832K, reserved 1071104K
  class space    used 3183K, capacity 3320K, committed 3328K, reserved 1048576K
Event: 23.162 GC heap after
Heap after GC invocations=10 (full 1):
 PSYoungGen      total 65024K, used 3745K [0x00000000eab00000, 0x00000000f0980000, 0x0000000100000000)
  eden space 54272K, 0% used [0x00000000eab00000,0x00000000eab00000,0x00000000ee000000)
  from space 10752K, 34% used [0x00000000ee000000,0x00000000ee3a8440,0x00000000eea80000)
  to   space 10240K, 0% used [0x00000000eff80000,0x00000000eff80000,0x00000000f0980000)
 ParOldGen       total 61952K, used 9151K [0x00000000c0000000, 0x00000000c3c80000, 0x00000000eab00000)
  object space 61952K, 14% used [0x00000000c0000000,0x00000000c08eff30,0x00000000c3c80000)
 Metaspace       used 24285K, capacity 24788K, committed 24832K, reserved 1071104K
  class space    used 3183K, capacity 3320K, committed 3328K, reserved 1048576K
}
Event: 26.060 GC heap before
{Heap before GC invocations=11 (full 1):
 PSYoungGen      total 65024K, used 58017K [0x00000000eab00000, 0x00000000f0980000, 0x0000000100000000)
  eden space 54272K, 100% used [0x00000000eab00000,0x00000000ee000000,0x00000000ee000000)
  from space 10752K, 34% used [0x00000000ee000000,0x00000000ee3a8440,0x00000000eea80000)
  to   space 10240K, 0% used [0x00000000eff80000,0x00000000eff80000,0x00000000f0980000)
 ParOldGen       total 61952K, used 9151K [0x00000000c0000000, 0x00000000c3c80000, 0x00000000eab00000)
  object space 61952K, 14% used [0x00000000c0000000,0x00000000c08eff30,0x00000000c3c80000)
 Metaspace       used 27859K, capacity 28488K, committed 28544K, reserved 1073152K
  class space    used 3780K, capacity 3951K, committed 3968K, reserved 1048576K
Event: 26.103 GC heap after
Heap after GC invocations=11 (full 1):
 PSYoungGen      total 85504K, used 7983K [0x00000000eab00000, 0x00000000f0b80000, 0x0000000100000000)
  eden space 75264K, 0% used [0x00000000eab00000,0x00000000eab00000,0x00000000ef480000)
  from space 10240K, 77% used [0x00000000eff80000,0x00000000f074bdf8,0x00000000f0980000)
  to   space 11264K, 0% used [0x00000000ef480000,0x00000000ef480000,0x00000000eff80000)
 ParOldGen       total 61952K, used 9383K [0x00000000c0000000, 0x00000000c3c80000, 0x00000000eab00000)
  object space 61952K, 15% used [0x00000000c0000000,0x00000000c0929f30,0x00000000c3c80000)
 Metaspace       used 27859K, capacity 28488K, committed 28544K, reserved 1073152K
  class space    used 3780K, capacity 3951K, committed 3968K, reserved 1048576K
}
Event: 43.361 GC heap before
{Heap before GC invocations=12 (full 1):
 PSYoungGen      total 85504K, used 83247K [0x00000000eab00000, 0x00000000f0b80000, 0x0000000100000000)
  eden space 75264K, 100% used [0x00000000eab00000,0x00000000ef480000,0x00000000ef480000)
  from space 10240K, 77% used [0x00000000eff80000,0x00000000f074bdf8,0x00000000f0980000)
  to   space 11264K, 0% used [0x00000000ef480000,0x00000000ef480000,0x00000000eff80000)
 ParOldGen       total 61952K, used 9383K [0x00000000c0000000, 0x00000000c3c80000, 0x00000000eab00000)
  object space 61952K, 15% used [0x00000000c0000000,0x00000000c0929f30,0x00000000c3c80000)
 Metaspace       used 34446K, capacity 35232K, committed 35496K, reserved 1079296K
  class space    used 4546K, capacity 4753K, committed 4864K, reserved 1048576K
Event: 43.422 GC heap after
Heap after GC invocations=12 (full 1):
 PSYoungGen      total 86528K, used 6623K [0x00000000eab00000, 0x00000000f2600000, 0x0000000100000000)
  eden space 75264K, 0% used [0x00000000eab00000,0x00000000eab00000,0x00000000ef480000)
  from space 11264K, 58% used [0x00000000ef480000,0x00000000efaf7dc8,0x00000000eff80000)
  to   space 11264K, 0% used [0x00000000f1b00000,0x00000000f1b00000,0x00000000f2600000)
 ParOldGen       total 61952K, used 14132K [0x00000000c0000000, 0x00000000c3c80000, 0x00000000eab00000)
  object space 61952K, 22% used [0x00000000c0000000,0x00000000c0dcd380,0x00000000c3c80000)
 Metaspace       used 34446K, capacity 35232K, committed 35496K, reserved 1079296K
  class space    used 4546K, capacity 4753K, committed 4864K, reserved 1048576K
}
Event: 43.726 GC heap before
{Heap before GC invocations=13 (full 1):
 PSYoungGen      total 86528K, used 9602K [0x00000000eab00000, 0x00000000f2600000, 0x0000000100000000)
  eden space 75264K, 3% used [0x00000000eab00000,0x00000000eade8ca8,0x00000000ef480000)
  from space 11264K, 58% used [0x00000000ef480000,0x00000000efaf7dc8,0x00000000eff80000)
  to   space 11264K, 0% used [0x00000000f1b00000,0x00000000f1b00000,0x00000000f2600000)
 ParOldGen       total 61952K, used 14132K [0x00000000c0000000, 0x00000000c3c80000, 0x00000000eab00000)
  object space 61952K, 22% used [0x00000000c0000000,0x00000000c0dcd380,0x00000000c3c80000)
 Metaspace       used 34479K, capacity 35296K, committed 35496K, reserved 1079296K
  class space    used 4546K, capacity 4753K, committed 4864K, reserved 1048576K
Event: 43.749 GC heap after
Heap after GC invocations=13 (full 1):
 PSYoungGen      total 114688K, used 192K [0x00000000eab00000, 0x00000000f2d00000, 0x0000000100000000)
  eden space 103424K, 0% used [0x00000000eab00000,0x00000000eab00000,0x00000000f1000000)
  from space 11264K, 1% used [0x00000000f1b00000,0x00000000f1b30000,0x00000000f2600000)
  to   space 11264K, 0% used [0x00000000f1000000,0x00000000f1000000,0x00000000f1b00000)
 ParOldGen       total 61952K, used 16867K [0x00000000c0000000, 0x00000000c3c80000, 0x00000000eab00000)
  object space 61952K, 27% used [0x00000000c0000000,0x00000000c1078d38,0x00000000c3c80000)
 Metaspace       used 34479K, capacity 35296K, committed 35496K, reserved 1079296K
  class space    used 4546K, capacity 4753K, committed 4864K, reserved 1048576K
}
Event: 43.749 GC heap before
{Heap before GC invocations=14 (full 2):
 PSYoungGen      total 114688K, used 192K [0x00000000eab00000, 0x00000000f2d00000, 0x0000000100000000)
  eden space 103424K, 0% used [0x00000000eab00000,0x00000000eab00000,0x00000000f1000000)
  from space 11264K, 1% used [0x00000000f1b00000,0x00000000f1b30000,0x00000000f2600000)
  to   space 11264K, 0% used [0x00000000f1000000,0x00000000f1000000,0x00000000f1b00000)
 ParOldGen       total 61952K, used 16867K [0x00000000c0000000, 0x00000000c3c80000, 0x00000000eab00000)
  object space 61952K, 27% used [0x00000000c0000000,0x00000000c1078d38,0x00000000c3c80000)
 Metaspace       used 34479K, capacity 35296K, committed 35496K, reserved 1079296K
  class space    used 4546K, capacity 4753K, committed 4864K, reserved 1048576K
Event: 44.063 GC heap after
Heap after GC invocations=14 (full 2):
 PSYoungGen      total 114688K, used 0K [0x00000000eab00000, 0x00000000f2d00000, 0x0000000100000000)
  eden space 103424K, 0% used [0x00000000eab00000,0x00000000eab00000,0x00000000f1000000)
  from space 11264K, 0% used [0x00000000f1b00000,0x00000000f1b00000,0x00000000f2600000)
  to   space 11264K, 0% used [0x00000000f1000000,0x00000000f1000000,0x00000000f1b00000)
 ParOldGen       total 61952K, used 14987K [0x00000000c0000000, 0x00000000c3c80000, 0x00000000eab00000)
  object space 61952K, 24% used [0x00000000c0000000,0x00000000c0ea2c58,0x00000000c3c80000)
 Metaspace       used 34433K, capacity 35186K, committed 35496K, reserved 1079296K
  class space    used 4532K, capacity 4739K, committed 4864K, reserved 1048576K
}

