# JRE version: Java(TM) SE Runtime Environment (8.0_91-b15) (build 1.8.0_91-b15)
# Java VM: Java HotSpot(TM) 64-Bit Server VM (25.91-b15 mixed mode windows-amd64 compressed oops)
Heap:
 PSYoungGen      total 204800K, used 124446K [0x00000000eab00000, 0x00000000f8e80000, 0x0000000100000000)
  eden space 181248K, 68% used [0x00000000eab00000,0x00000000f24879a0,0x00000000f5c00000)
  from space 23552K, 0% used [0x00000000f7480000,0x00000000f7480000,0x00000000f8b80000)
  to   space 25088K, 0% used [0x00000000f5c00000,0x00000000f5c00000,0x00000000f7480000)
 ParOldGen       total 89600K, used 41308K [0x00000000c0000000, 0x00000000c5780000, 0x00000000eab00000)
  object space 89600K, 46% used [0x00000000c0000000,0x00000000c2857028,0x00000000c5780000)
 Metaspace       used 57029K, capacity 59083K, committed 59264K, reserved 1099776K
  class space    used 7729K, capacity 8197K, committed 8320K, reserved 1048576K
GC Heap History (10 events):
Event: 55.091 GC heap before
{Heap before GC invocations=15 (full 2):
 PSYoungGen      total 117248K, used 116759K [0x00000000eab00000, 0x00000000f2b80000, 0x0000000100000000)
  eden space 105984K, 100% used [0x00000000eab00000,0x00000000f1280000,0x00000000f1280000)
  from space 11264K, 95% used [0x00000000f2080000,0x00000000f2b05c90,0x00000000f2b80000)
  to   space 12288K, 0% used [0x00000000f1380000,0x00000000f1380000,0x00000000f1f80000)
 ParOldGen       total 89600K, used 14241K [0x00000000c0000000, 0x00000000c5780000, 0x00000000eab00000)
  object space 89600K, 15% used [0x00000000c0000000,0x00000000c0de86a8,0x00000000c5780000)
 Metaspace       used 45432K, capacity 46327K, committed 46848K, reserved 1089536K
  class space    used 6038K, capacity 6254K, committed 6400K, reserved 1048576K
Event: 55.123 GC heap after
Heap after GC invocations=15 (full 2):
 PSYoungGen      total 119296K, used 12268K [0x00000000eab00000, 0x00000000f5000000, 0x0000000100000000)
  eden space 107008K, 0% used [0x00000000eab00000,0x00000000eab00000,0x00000000f1380000)
  from space 12288K, 99% used [0x00000000f1380000,0x00000000f1f7b388,0x00000000f1f80000)
  to   space 13824K, 0% used [0x00000000f4280000,0x00000000f4280000,0x00000000f5000000)
 ParOldGen       total 89600K, used 14455K [0x00000000c0000000, 0x00000000c5780000, 0x00000000eab00000)
  object space 89600K, 16% used [0x00000000c0000000,0x00000000c0e1df78,0x00000000c5780000)
 Metaspace       used 45432K, capacity 46327K, committed 46848K, reserved 1089536K
  class space    used 6038K, capacity 6254K, committed 6400K, reserved 1048576K
}
Event: 59.154 GC heap before
{Heap before GC invocations=16 (full 2):
 PSYoungGen      total 119296K, used 119276K [0x00000000eab00000, 0x00000000f5000000, 0x0000000100000000)
  eden space 107008K, 100% used [0x00000000eab00000,0x00000000f1380000,0x00000000f1380000)
  from space 12288K, 99% used [0x00000000f1380000,0x00000000f1f7b388,0x00000000f1f80000)
  to   space 13824K, 0% used [0x00000000f4280000,0x00000000f4280000,0x00000000f5000000)
 ParOldGen       total 89600K, used 14455K [0x00000000c0000000, 0x00000000c5780000, 0x00000000eab00000)
  object space 89600K, 16% used [0x00000000c0000000,0x00000000c0e1df78,0x00000000c5780000)
 Metaspace       used 48521K, capacity 49725K, committed 49920K, reserved 1091584K
  class space    used 6504K, capacity 6775K, committed 6912K, reserved 1048576K
Event: 59.205 GC heap after
Heap after GC invocations=16 (full 2):
 PSYoungGen      total 152576K, used 13798K [0x00000000eab00000, 0x00000000f5500000, 0x0000000100000000)
  eden space 138752K, 0% used [0x00000000eab00000,0x00000000eab00000,0x00000000f3280000)
  from space 13824K, 99% used [0x00000000f4280000,0x00000000f4ff9a98,0x00000000f5000000)
  to   space 16384K, 0% used [0x00000000f3280000,0x00000000f3280000,0x00000000f4280000)
 ParOldGen       total 89600K, used 17175K [0x00000000c0000000, 0x00000000c5780000, 0x00000000eab00000)
  object space 89600K, 19% used [0x00000000c0000000,0x00000000c10c5ea8,0x00000000c5780000)
 Metaspace       used 48521K, capacity 49725K, committed 49920K, reserved 1091584K
  class space    used 6504K, capacity 6775K, committed 6912K, reserved 1048576K
}
Event: 65.063 GC heap before
{Heap before GC invocations=17 (full 2):
 PSYoungGen      total 152576K, used 152550K [0x00000000eab00000, 0x00000000f5500000, 0x0000000100000000)
  eden space 138752K, 100% used [0x00000000eab00000,0x00000000f3280000,0x00000000f3280000)
  from space 13824K, 99% used [0x00000000f4280000,0x00000000f4ff9a98,0x00000000f5000000)
  to   space 16384K, 0% used [0x00000000f3280000,0x00000000f3280000,0x00000000f4280000)
 ParOldGen       total 89600K, used 17175K [0x00000000c0000000, 0x00000000c5780000, 0x00000000eab00000)
  object space 89600K, 19% used [0x00000000c0000000,0x00000000c10c5ea8,0x00000000c5780000)
 Metaspace       used 54224K, capacity 55863K, committed 56192K, reserved 1097728K
  class space    used 7377K, capacity 7725K, committed 7808K, reserved 1048576K
Event: 65.162 GC heap after
Heap after GC invocations=17 (full 2):
 PSYoungGen      total 155136K, used 16374K [0x00000000eab00000, 0x00000000f8b80000, 0x0000000100000000)
  eden space 138752K, 0% used [0x00000000eab00000,0x00000000eab00000,0x00000000f3280000)
  from space 16384K, 99% used [0x00000000f3280000,0x00000000f427da88,0x00000000f4280000)
  to   space 23552K, 0% used [0x00000000f7480000,0x00000000f7480000,0x00000000f8b80000)
 ParOldGen       total 89600K, used 31242K [0x00000000c0000000, 0x00000000c5780000, 0x00000000eab00000)
  object space 89600K, 34% used [0x00000000c0000000,0x00000000c1e828e0,0x00000000c5780000)
 Metaspace       used 54224K, capacity 55863K, committed 56192K, reserved 1097728K
  class space    used 7377K, capacity 7725K, committed 7808K, reserved 1048576K
}
Event: 66.582 GC heap before
{Heap before GC invocations=18 (full 2):
 PSYoungGen      total 155136K, used 33463K [0x00000000eab00000, 0x00000000f8b80000, 0x0000000100000000)
  eden space 138752K, 12% used [0x00000000eab00000,0x00000000ebbb0420,0x00000000f3280000)
  from space 16384K, 99% used [0x00000000f3280000,0x00000000f427da88,0x00000000f4280000)
  to   space 23552K, 0% used [0x00000000f7480000,0x00000000f7480000,0x00000000f8b80000)
 ParOldGen       total 89600K, used 31242K [0x00000000c0000000, 0x00000000c5780000, 0x00000000eab00000)
  object space 89600K, 34% used [0x00000000c0000000,0x00000000c1e828e0,0x00000000c5780000)
 Metaspace       used 55340K, capacity 57291K, committed 57472K, reserved 1099776K
  class space    used 7560K, capacity 7997K, committed 8064K, reserved 1048576K
Event: 66.639 GC heap after
Heap after GC invocations=18 (full 2):
 PSYoungGen      total 204800K, used 18049K [0x00000000eab00000, 0x00000000f8e80000, 0x0000000100000000)
  eden space 181248K, 0% used [0x00000000eab00000,0x00000000eab00000,0x00000000f5c00000)
  from space 23552K, 76% used [0x00000000f7480000,0x00000000f8620770,0x00000000f8b80000)
  to   space 25088K, 0% used [0x00000000f5c00000,0x00000000f5c00000,0x00000000f7480000)
 ParOldGen       total 89600K, used 31250K [0x00000000c0000000, 0x00000000c5780000, 0x00000000eab00000)
  object space 89600K, 34% used [0x00000000c0000000,0x00000000c1e848e0,0x00000000c5780000)
 Metaspace       used 55340K, capacity 57291K, committed 57472K, reserved 1099776K
  class space    used 7560K, capacity 7997K, committed 8064K, reserved 1048576K
}
Event: 66.639 GC heap before
{Heap before GC invocations=19 (full 3):
 PSYoungGen      total 204800K, used 18049K [0x00000000eab00000, 0x00000000f8e80000, 0x0000000100000000)
  eden space 181248K, 0% used [0x00000000eab00000,0x00000000eab00000,0x00000000f5c00000)
  from space 23552K, 76% used [0x00000000f7480000,0x00000000f8620770,0x00000000f8b80000)
  to   space 25088K, 0% used [0x00000000f5c00000,0x00000000f5c00000,0x00000000f7480000)
 ParOldGen       total 89600K, used 31250K [0x00000000c0000000, 0x00000000c5780000, 0x00000000eab00000)
  object space 89600K, 34% used [0x00000000c0000000,0x00000000c1e848e0,0x00000000c5780000)
 Metaspace       used 55340K, capacity 57291K, committed 57472K, reserved 1099776K
  class space    used 7560K, capacity 7997K, committed 8064K, reserved 1048576K
Event: 67.658 GC heap after
Heap after GC invocations=19 (full 3):
 PSYoungGen      total 204800K, used 0K [0x00000000eab00000, 0x00000000f8e80000, 0x0000000100000000)
  eden space 181248K, 0% used [0x00000000eab00000,0x00000000eab00000,0x00000000f5c00000)
  from space 23552K, 0% used [0x00000000f7480000,0x00000000f7480000,0x00000000f8b80000)
  to   space 25088K, 0% used [0x00000000f5c00000,0x00000000f5c00000,0x00000000f7480000)
 ParOldGen       total 89600K, used 41308K [0x00000000c0000000, 0x00000000c5780000, 0x00000000eab00000)
  object space 89600K, 46% used [0x00000000c0000000,0x00000000c2857028,0x00000000c5780000)
 Metaspace       used 55340K, capacity 57291K, committed 57472K, reserved 1099776K
  class space    used 7560K, capacity 7997K, committed 8064K, reserved 1048576K
}

